  [1m[36m (3.2ms)[0m  [1mCREATE TABLE "schema_migrations" ("version" character varying(255) NOT NULL) [0m
  [1m[35m (1.6ms)[0m  CREATE UNIQUE INDEX "unique_schema_migrations" ON "schema_migrations" ("version")
  [1m[36mActiveRecord::SchemaMigration Load (0.3ms)[0m  [1mSELECT "schema_migrations".* FROM "schema_migrations"[0m
Migrating to SorceryCore (20130826200829)
  [1m[35m (0.1ms)[0m  BEGIN
  [1m[36m (3.4ms)[0m  [1mCREATE TABLE "users" ("id" serial primary key, "email" character varying(255), "crypted_password" character varying(255), "salt" character varying(255), "created_at" timestamp, "updated_at" timestamp) [0m
  [1m[35mSQL (0.7ms)[0m  INSERT INTO "schema_migrations" ("version") VALUES ($1)  [["version", "20130826200829"]]
  [1m[36m (0.7ms)[0m  [1mCOMMIT[0m
Migrating to SorceryRememberMe (20130826200830)
  [1m[35m (0.3ms)[0m  BEGIN
  [1m[36m (0.4ms)[0m  [1mALTER TABLE "users" ADD COLUMN "remember_me_token" character varying(255)[0m
  [1m[35m (0.2ms)[0m  ALTER TABLE "users" ADD COLUMN "remember_me_token_expires_at" timestamp
  [1m[36m (1.1ms)[0m  [1mCREATE INDEX "index_users_on_remember_me_token" ON "users" ("remember_me_token")[0m
  [1m[35mSQL (0.5ms)[0m  INSERT INTO "schema_migrations" ("version") VALUES ($1)  [["version", "20130826200830"]]
  [1m[36m (0.8ms)[0m  [1mCOMMIT[0m
Migrating to CreateProfiles (20130826203218)
  [1m[35m (0.1ms)[0m  BEGIN
  [1m[36m (0.1ms)[0m  [1mROLLBACK[0m
  [1m[36mActiveRecord::SchemaMigration Load (0.5ms)[0m  [1mSELECT "schema_migrations".* FROM "schema_migrations"[0m
Migrating to CreateProfiles (20130826203218)
  [1m[35m (0.2ms)[0m  BEGIN
  [1m[36m (4.6ms)[0m  [1mCREATE TABLE "profiles" ("id" serial primary key, "first_name" character varying(255), "last_name" character varying(255), "avatar" character varying(255), "position" character varying(255), "biography" text, "user_id" integer, "created_at" timestamp, "updated_at" timestamp) [0m
  [1m[35mSQL (0.6ms)[0m  INSERT INTO "schema_migrations" ("version") VALUES ($1)  [["version", "20130826203218"]]
  [1m[36m (0.8ms)[0m  [1mCOMMIT[0m
Migrating to CreateIdeas (20130827195530)
  [1m[35m (0.2ms)[0m  BEGIN
  [1m[36m (2.8ms)[0m  [1mCREATE TABLE "ideas" ("id" serial primary key, "title" character varying(255), "when" timestamp, "description" text, "user_id" integer, "created_at" timestamp, "updated_at" timestamp) [0m
  [1m[35mSQL (0.3ms)[0m  INSERT INTO "schema_migrations" ("version") VALUES ($1)  [["version", "20130827195530"]]
  [1m[36m (0.7ms)[0m  [1mCOMMIT[0m
Migrating to CreateIdeaVotes (20130827205039)
  [1m[35m (0.1ms)[0m  BEGIN
  [1m[36m (1.9ms)[0m  [1mCREATE TABLE "idea_votes" ("id" serial primary key, "user_id" integer, "vote_id" integer, "created_at" timestamp, "updated_at" timestamp) [0m
  [1m[35mSQL (0.2ms)[0m  INSERT INTO "schema_migrations" ("version") VALUES ($1)  [["version", "20130827205039"]]
  [1m[36m (0.5ms)[0m  [1mCOMMIT[0m
  [1m[35mActiveRecord::SchemaMigration Load (0.3ms)[0m  SELECT "schema_migrations".* FROM "schema_migrations"
  [1m[36m (3.0ms)[0m  [1mCREATE TABLE "schema_migrations" ("version" character varying(255) NOT NULL) [0m
  [1m[35m (1.5ms)[0m  CREATE UNIQUE INDEX "unique_schema_migrations" ON "schema_migrations" ("version")
  [1m[36mActiveRecord::SchemaMigration Load (0.4ms)[0m  [1mSELECT "schema_migrations".* FROM "schema_migrations"[0m
Migrating to SorceryCore (20130826200829)
  [1m[35m (0.1ms)[0m  BEGIN
  [1m[36m (3.8ms)[0m  [1mCREATE TABLE "users" ("id" serial primary key, "email" character varying(255), "crypted_password" character varying(255), "salt" character varying(255), "created_at" timestamp, "updated_at" timestamp) [0m
  [1m[35mSQL (1.0ms)[0m  INSERT INTO "schema_migrations" ("version") VALUES ($1)  [["version", "20130826200829"]]
  [1m[36m (0.5ms)[0m  [1mCOMMIT[0m
Migrating to SorceryRememberMe (20130826200830)
  [1m[35m (0.2ms)[0m  BEGIN
  [1m[36m (0.5ms)[0m  [1mALTER TABLE "users" ADD COLUMN "remember_me_token" character varying(255)[0m
  [1m[35m (0.2ms)[0m  ALTER TABLE "users" ADD COLUMN "remember_me_token_expires_at" timestamp
  [1m[36m (0.8ms)[0m  [1mCREATE INDEX "index_users_on_remember_me_token" ON "users" ("remember_me_token")[0m
  [1m[35mSQL (0.3ms)[0m  INSERT INTO "schema_migrations" ("version") VALUES ($1)  [["version", "20130826200830"]]
  [1m[36m (0.5ms)[0m  [1mCOMMIT[0m
Migrating to CreateProfiles (20130826203218)
  [1m[35m (0.1ms)[0m  BEGIN
  [1m[36m (3.0ms)[0m  [1mCREATE TABLE "profiles" ("id" serial primary key, "first_name" character varying(255), "last_name" character varying(255), "avatar" character varying(255), "position" character varying(255), "biography" text, "user_id" integer, "created_at" timestamp, "updated_at" timestamp) [0m
  [1m[35mSQL (0.2ms)[0m  INSERT INTO "schema_migrations" ("version") VALUES ($1)  [["version", "20130826203218"]]
  [1m[36m (0.5ms)[0m  [1mCOMMIT[0m
Migrating to CreateIdeas (20130827195530)
  [1m[35m (0.2ms)[0m  BEGIN
  [1m[36m (3.4ms)[0m  [1mCREATE TABLE "ideas" ("id" serial primary key, "title" character varying(255), "when" timestamp, "description" text, "user_id" integer, "created_at" timestamp, "updated_at" timestamp) [0m
  [1m[35mSQL (0.3ms)[0m  INSERT INTO "schema_migrations" ("version") VALUES ($1)  [["version", "20130827195530"]]
  [1m[36m (0.7ms)[0m  [1mCOMMIT[0m
Migrating to CreateIdeaVotes (20130827205039)
  [1m[35m (0.3ms)[0m  BEGIN
  [1m[36m (2.0ms)[0m  [1mCREATE TABLE "idea_votes" ("id" serial primary key, "user_id" integer, "idea_id" integer, "created_at" timestamp, "updated_at" timestamp) [0m
  [1m[35mSQL (0.3ms)[0m  INSERT INTO "schema_migrations" ("version") VALUES ($1)  [["version", "20130827205039"]]
  [1m[36m (0.5ms)[0m  [1mCOMMIT[0m
  [1m[35mActiveRecord::SchemaMigration Load (0.3ms)[0m  SELECT "schema_migrations".* FROM "schema_migrations"
